<?xml version="1.0" encoding="UTF-8"?>
<!-- Generated by org.testng.reporters.JUnitReportReporter -->
<testsuite hostname="Minmult297" name="hellocucumber.NewTour" tests="2" failures="0" timestamp="26 Dec 2019 06:40:07 GMT" time="21.260" errors="0">
  <testcase name="registeration" time="17.290" classname="hellocucumber.NewTour"/>
  <testcase name="registeration_Login" time="3.970" classname="hellocucumber.NewTour"/>
</testsuite> <!-- hellocucumber.NewTour -->
