<?xml version="1.0" encoding="UTF-8"?>
<!-- Generated by org.testng.reporters.JUnitReportReporter -->
<testsuite hostname="Minmult297" name="hellocucumber.Assignment" tests="2" failures="0" timestamp="17 Dec 2019 11:23:34 GMT" time="12.715" errors="0">
  <testcase name="login" time="12.688" classname="hellocucumber.Assignment"/>
  <testcase name="verifyTitle" time="0.027" classname="hellocucumber.Assignment"/>
</testsuite> <!-- hellocucumber.Assignment -->
